Transaction Log
DATE   TICKER   SHARES   PRICE   CASHFLOW
2015-Jan-02 C 9 49.4077 444.669 
2015-Jan-02 GS 35 179.242 6273.47 
2015-Jan-02 AMZN 61 308.52 18819.7 
2015-Jan-02 F 2 11.6548 23.3097 
2015-Jan-02 AAPL 20 100.216 2004.33 
-------------------------
Balance Log
2015-Jan-02   27565.5
2015-Jan-05   26912.1
2015-Jan-06   26353.1
2015-Jan-07   26664.5
2015-Jan-08   26968.3
2015-Jan-09   26651.1
2015-Jan-12   26186.9
2015-Jan-13   26400.3
2015-Jan-14   26143.2
2015-Jan-15   25631.6
2015-Jan-16   25810.3
2015-Jan-20   25726.5
2015-Jan-21   26271.1
2015-Jan-22   27293.5
2015-Jan-23   27372.4
2015-Jan-26   27208.3
2015-Jan-27   26826.2
2015-Jan-28   26644.9
2015-Jan-29   27290.5
2015-Jan-30   29745.1
2015-Feb-02   30485
2015-Feb-03   30592.6
2015-Feb-04   30631.8
2015-Feb-05   31270.3
2015-Feb-06   31366.3
2015-Feb-09   31115.5
2015-Feb-10   31383.9
2015-Feb-11   31669.4
2015-Feb-12   31901.2
2015-Feb-13   32174.1
2015-Feb-17   31834.2
2015-Feb-18   31679.3
2015-Feb-19   32029.8
2015-Feb-20   32416.2
2015-Feb-23   32223.4
2015-Feb-24   32179.9
2015-Feb-25   32516.9
2015-Feb-26   32549.5
2015-Feb-27   32152.4
2015-Mar-02   32573.4
2015-Mar-03   32498.8
2015-Mar-04   32316
2015-Mar-05   32601
2015-Mar-06   32025.3
2015-Mar-09   31974.2
2015-Mar-10   31190.2
2015-Mar-11   31013.5
2015-Mar-12   31736
2015-Mar-13   31472.8
2015-Mar-16   31751.4
2015-Mar-17   31660.6
2015-Mar-18   31939.1
2015-Mar-19   31718.1
2015-Mar-20   32116.4
2015-Mar-23   31892.5
2015-Mar-24   31794.2
2015-Mar-25   31410
2015-Mar-26   31200.2
2015-Mar-27   31402.7
2015-Mar-30   31807.3
2015-Mar-31   31520
2015-Apr-01   31542.8
2015-Apr-02   31664
2015-Apr-06   32007.8
2015-Apr-07   31832.7
2015-Apr-08   32248
2015-Apr-09   32485.8
2015-Apr-10   32468.3
2015-Apr-13   32445.7
2015-Apr-14   32673.3
2015-Apr-15   32694.4
2015-Apr-16   32818.8
2015-Apr-17   32052.7
2015-Apr-20   32981.7
2015-Apr-21   33024
2015-Apr-22   33024.5
2015-Apr-23   33088.2
2015-Apr-24   36415.8
2015-Apr-27   36012.2
2015-Apr-28   35443
2015-Apr-29   35452.2
2015-Apr-30   34851.7
2015-May-01   35027.7
2015-May-04   35094.1
2015-May-05   34855.7
2015-May-06   34675.6
2015-May-07   35205.8
2015-May-08   35771.5
2015-May-11   35735.6
2015-May-12   35574.8
2015-May-13   35356.9
2015-May-14   35782.9
2015-May-15   35405.2
2015-May-18   35443.4
2015-May-19   35255.1
2015-May-20   35371.8
2015-May-21   35866.1
2015-May-22   35736.3
2015-May-26   35498.5
2015-May-27   35998.3
2015-May-28   35697.2
2015-May-29   35753.4
2015-Jun-01   35917.2
2015-Jun-02   35868
2015-Jun-03   36280.3
2015-Jun-04   35928
2015-Jun-05   35739.6
2015-Jun-08   35487.4
2015-Jun-09   35579
2015-Jun-10   36070.7
2015-Jun-11   36227.8
2015-Jun-12   35986
2015-Jun-15   35553.9
2015-Jun-16   35847.2
2015-Jun-17   35850.5
2015-Jun-18   36623.8
2015-Jun-19   36277.3
2015-Jun-22   36493.3
2015-Jun-23   37139.5
2015-Jun-24   36710.7
2015-Jun-25   36598.1
2015-Jun-26   36474.7
2015-Jun-29   35739.3
2015-Jun-30   36053.9
2015-Jul-01   36317.7
2015-Jul-02   36307.5
2015-Jul-06   36157.4
2015-Jul-07   36194
2015-Jul-08   35558.6
2015-Jul-09   35830.3
2015-Jul-10   36530.4
2015-Jul-13   37413.5
2015-Jul-14   38092.1
2015-Jul-15   37877.7
2015-Jul-16   38740
2015-Jul-17   39262.9
2015-Jul-20   39617
2015-Jul-21   39559.6
2015-Jul-22   39540.7
2015-Jul-23   39093.1
2015-Jul-24   41832.5
2015-Jul-27   41840.4
2015-Jul-28   41566.9
2015-Jul-29   41765.7
2015-Jul-30   42239.2
2015-Jul-31   42109.2
2015-Aug-03   41975.7
2015-Aug-04   41730.3
2015-Aug-05   42075.3
2015-Aug-06   41594.4
2015-Aug-07   41129.2
2015-Aug-10   41380.6
2015-Aug-11   41327.9
2015-Aug-12   41241.3
2015-Aug-13   41459.2
2015-Aug-14   41631.5
2015-Aug-17   41898.7
2015-Aug-18   41827.5
2015-Aug-19   41659.7
2015-Aug-20   40419.7
2015-Aug-21   38684.2
2015-Aug-24   36441.4
2015-Aug-25   36591.4
2015-Aug-26   39021.1
2015-Aug-27   40321
2015-Aug-28   40278.5
2015-Aug-31   39985.8
2015-Sep-01   38662.7
2015-Sep-02   39687.8
2015-Sep-03   39313.8
2015-Sep-04   38781.7
2015-Sep-08   40157.2
2015-Sep-09   40064.4
2015-Sep-10   40445
2015-Sep-11   40894
2015-Sep-14   40378.6
2015-Sep-15   40580.5
2015-Sep-16   40933.3
2015-Sep-17   41508.2
2015-Sep-18   41393.1
2015-Sep-21   42003.7
2015-Sep-22   41239.1
2015-Sep-23   41101.5
2015-Sep-24   40882.9
2015-Sep-25   40404.7
2015-Sep-28   38895.9
2015-Sep-29   38307.8
2015-Sep-30   39363.4
2015-Oct-01   39964.7
2015-Oct-02   40733.3
2015-Oct-05   41551.3
2015-Oct-06   41169.9
2015-Oct-07   41497.2
2015-Oct-08   40903.2
2015-Oct-09   41293.3
2015-Oct-12   41950.6
2015-Oct-13   41898.9
2015-Oct-14   41569.8
2015-Oct-15   42871
2015-Oct-16   43368.3
2015-Oct-19   43546.6
2015-Oct-20   42828.4
2015-Oct-21   42318.8
2015-Oct-22   42979.4
2015-Oct-23   45260.8
2015-Oct-26   45819.5
2015-Oct-27   45924.2
2015-Oct-28   46564.4
2015-Oct-29   47108.9
2015-Oct-30   46968.3
2015-Nov-02   47225.3
2015-Nov-03   47101.4
2015-Nov-04   48073.2
2015-Nov-05   48974
2015-Nov-06   49450.5
2015-Nov-09   49124.6
2015-Nov-10   49344.2
2015-Nov-11   50138.6
2015-Nov-12   49501.9
2015-Nov-13   47940.5
2015-Nov-16   48370
2015-Nov-17   48032.5
2015-Nov-18   49447.7
2015-Nov-19   49317.3
2015-Nov-20   49711.6
2015-Nov-23   50247.4
2015-Nov-24   49772.5
2015-Nov-25   50027.1
2015-Nov-27   49940.1
2015-Nov-30   49438.4
2015-Dec-01   50397
2015-Dec-02   50092.7
2015-Dec-03   49306.2
2015-Dec-04   49937.3
2015-Dec-07   49599
2015-Dec-08   49963
2015-Dec-09   49072.3
2015-Dec-10   48976.4
2015-Dec-11   47373.7
2015-Dec-14   48438.6
2015-Dec-15   48641.5
2015-Dec-16   49851.8
2015-Dec-17   49368.4
2015-Dec-18   48669.8
2015-Dec-21   48795.2
2015-Dec-22   48788.1
2015-Dec-23   48947.6
2015-Dec-24   48866.1
2015-Dec-28   49569.9
2015-Dec-29   50818.1
2015-Dec-30   50437.3
2015-Dec-31   49532.1
2016-Jan-04   47054.6
2016-Jan-05   46707.8
2016-Jan-06   46454.8
2016-Jan-07   44675.9
2016-Jan-08   44596.9
2016-Jan-11   45343
2016-Jan-12   45378.6
2016-Jan-13   42895.1
2016-Jan-14   43697.5
2016-Jan-15   42047.6
2016-Jan-19   42336.3
2016-Jan-20   42061.1
2016-Jan-21   42178.9
2016-Jan-22   43755.4
2016-Jan-25   43527.3
2016-Jan-26   43942.6
2016-Jan-27   42704.4
2016-Jan-28   45996.9
2016-Jan-29   43273.6
2016-Feb-01   42450
2016-Feb-02   40750.6
2016-Feb-03   39534.1
2016-Feb-04   39993.3
2016-Feb-05   37854.6
2016-Feb-08   36764.6
2016-Feb-09   36360.9
2016-Feb-10   36826.2
2016-Feb-11   37395.1
2016-Feb-12   37799
2016-Feb-16   38810
2016-Feb-17   39701.5
2016-Feb-18   38999.4
2016-Feb-19   39572.7
2016-Feb-22   41155.6
2016-Feb-23   40576.7
2016-Feb-24   40689.8
2016-Feb-25   40862.7
2016-Feb-26   40943.2
2016-Feb-29   40766.1
2016-Mar-01   42644.8
2016-Mar-02   42713.6
2016-Mar-03   42604.3
2016-Mar-04   42539
2016-Mar-07   41714.2
2016-Mar-08   41406.9
2016-Mar-09   41305.6
2016-Mar-10   41311.8
2016-Mar-11   42093.2
2016-Mar-14   42310
2016-Mar-15   42522.6
2016-Mar-16   42329.4
2016-Mar-17   41504.5
2016-Mar-18   41217.7
2016-Mar-21   41291
2016-Mar-22   41632.1
2016-Mar-23   42166.4
2016-Mar-24   42931
2016-Mar-28   42761.6
2016-Mar-29   43699.2
2016-Mar-30   44078.9
2016-Mar-31   43775.1
2016-Apr-01   44188.9
2016-Apr-04   43815
2016-Apr-05   43276.3
2016-Apr-06   44267.9
2016-Apr-07   43402.4
2016-Apr-08   43595.4
2016-Apr-11   43751.9
2016-Apr-12   44296.1
2016-Apr-13   45238.4
2016-Apr-14   45642.1
2016-Apr-15   45834.3
2016-Apr-18   46385.4
2016-Apr-19   46044
2016-Apr-20   46510.3
2016-Apr-21   46311.5
2016-Apr-22   45715.5
2016-Apr-25   45995.1
2016-Apr-26   45441.1
2016-Apr-27   44727.3
2016-Apr-28   44302.3
2016-Apr-29   47784.3
2016-May-02   49333.7
2016-May-03   48489
2016-May-04   48336.3
2016-May-05   47587.4
2016-May-06   48463.4
2016-May-09   48770.1
2016-May-10   50341
2016-May-11   50874.6
2016-May-12   51072.2
2016-May-13   50489.8
2016-May-16   50600.1
2016-May-17   49634.2
2016-May-18   49979
2016-May-19   49858.6
2016-May-20   50131.6
2016-May-23   49817.8
2016-May-24   50376.7
2016-May-25   50791.8
2016-May-26   51133.2
2016-May-27   51004.7
2016-May-31   51637.4
2016-Jun-01   51425.2
2016-Jun-02   51925.7
2016-Jun-03   51632.5
2016-Jun-06   51767.4
2016-Jun-07   51528.9
2016-Jun-08   51686.8
2016-Jun-09   51708.6
2016-Jun-10   50981.4
2016-Jun-13   50742.6
2016-Jun-14   50902
2016-Jun-15   50588.2
2016-Jun-16   50810.8
2016-Jun-17   50061.1
2016-Jun-20   50594.1
2016-Jun-21   50740.2
2016-Jun-22   50406
2016-Jun-23   51280.8
2016-Jun-24   49427.7
2016-Jun-27   48845.4
2016-Jun-28   49998.8
2016-Jun-29   50596.7
2016-Jun-30   50724.3
2016-Jul-01   51331
2016-Jul-05   51324.4
2016-Jul-06   51954.5
2016-Jul-07   51947.8
2016-Jul-08   52643.1
2016-Jul-11   53197.5
2016-Jul-12   53031.7
2016-Jul-13   52713.1
2016-Jul-14   52823.8
2016-Jul-15   52441.6
2016-Jul-18   52557.6
2016-Jul-19   52729.9
2016-Jul-20   53096.6
2016-Jul-21   52948.7
2016-Jul-22   52973.5
2016-Jul-25   52629.5
2016-Jul-26   52394.3
2016-Jul-27   52574.1
2016-Jul-28   53555.3
2016-Jul-29   53872
2016-Aug-01   54427.1
2016-Aug-02   53886.4
2016-Aug-03   53631.7
2016-Aug-04   54007.9
2016-Aug-05   54505.2
2016-Aug-08   54583.8
2016-Aug-09   54718.7
2016-Aug-10   54673.6
2016-Aug-11   54893.2
2016-Aug-12   54957.2
2016-Aug-15   54816.2
2016-Aug-16   54547.9
2016-Aug-17   54581.7
2016-Aug-18   54580.4
2016-Aug-19   54155.5
2016-Aug-22   54273.8
2016-Aug-23   54455
2016-Aug-24   54096.9
2016-Aug-25   54228.9
2016-Aug-26   54818.9
2016-Aug-29   54987.4
2016-Aug-30   54855.2
2016-Aug-31   54955.2
2016-Sep-01   55021.4
2016-Sep-02   55174.9
2016-Sep-06   56180
2016-Sep-07   55937.6
2016-Sep-08   55926.6
2016-Sep-09   54314.2
2016-Sep-12   55138.4
2016-Sep-13   54404.6
2016-Sep-14   54452.3
2016-Sep-15   55115.2
2016-Sep-16   55567.1
2016-Sep-19   55341.5
2016-Sep-20   55661.7
2016-Sep-21   56263.7
2016-Sep-22   57231.2
2016-Sep-23   57163.7
2016-Sep-26   56633.4
2016-Sep-27   57721.9
2016-Sep-28   58530.3
2016-Sep-29   58358.9
2016-Sep-30   58968
2016-Oct-03   58914.9
2016-Oct-04   58804.6
2016-Oct-05   59580.3
2016-Oct-06   59459.6
2016-Oct-07   59417.1
2016-Oct-10   59635.9
2016-Oct-11   58916.3
2016-Oct-12   59130.7
2016-Oct-13   58766.2
2016-Oct-14   58496.8
2016-Oct-17   57834.3
2016-Oct-18   58242.8
2016-Oct-19   58305.1
2016-Oct-20   57855.2
2016-Oct-21   58380.6
2016-Oct-24   59580.9
2016-Oct-25   59428.7
2016-Oct-26   58664.1
2016-Oct-27   58406.7
2016-Oct-28   55804.5
2016-Oct-31   56657.7
2016-Nov-01   56341.9
2016-Nov-02   55080.3
2016-Nov-03   55133.4
2016-Nov-04   54373.9
2016-Nov-07   56424.7
2016-Nov-08   56624.2
2016-Nov-09   56021.3
2016-Nov-10   54453
2016-Nov-11   54355.4
2016-Nov-14   53275.6
2016-Nov-15   54849.6
2016-Nov-16   54932.7
2016-Nov-17   55654.5
2016-Nov-18   55909.7
2016-Nov-21   57176.7
2016-Nov-22   57508.9
2016-Nov-23   57224.9
2016-Nov-25   57221
2016-Nov-28   56342.1
2016-Nov-29   56149.2
2016-Nov-30   55660
2016-Dec-01   55470
2016-Dec-02   55156.7
2016-Dec-05   56484.9
2016-Dec-06   56927.4
2016-Dec-07   57444.7
2016-Dec-08   57481.6
2016-Dec-09   57610.2
2016-Dec-12   56916.8
2016-Dec-13   57868
2016-Dec-14   57573.9
2016-Dec-15   57217.4
2016-Dec-16   56883.1
2016-Dec-19   57402.9
2016-Dec-20   57870.4
2016-Dec-21   57779.2
2016-Dec-22   57458.3
2016-Dec-23   57144.4
2016-Dec-27   57838.2
2016-Dec-28   57834
2016-Dec-29   57320.2
2016-Dec-30   56413.2
2017-Jan-03   56732
2017-Jan-04   57003.2
2017-Jan-05   58364.3
2017-Jan-06   59457.6
2017-Jan-09   59465.2
2017-Jan-10   59395.1
2017-Jan-11   59701
2017-Jan-12   60513.4
2017-Jan-13   60741.5
2017-Jan-17   60012.6
2017-Jan-18   59819.3
2017-Jan-19   59808.8
2017-Jan-20   59791.3
2017-Jan-23   60387.3
2017-Jan-24   60706.2
2017-Jan-25   61728.2
2017-Jan-26   61963.7
2017-Jan-27   61668.5
2017-Jan-30   61228
2017-Jan-31   60643.2
2017-Feb-01   61371.9
2017-Feb-02   61823.3
2017-Feb-03   60384.3
2017-Feb-06   60218
2017-Feb-07   60522
2017-Feb-08   60901.7
2017-Feb-09   61155.1
2017-Feb-10   61563.6
2017-Feb-13   62268.3
2017-Feb-14   62406.2
2017-Feb-15   62841.9
2017-Feb-16   62889
2017-Feb-17   62982.4
2017-Feb-21   63743.8
2017-Feb-22   63700.6
2017-Feb-23   63462.8
2017-Feb-24   62904.9
2017-Feb-27   63187.3
2017-Feb-28   62946.3
2017-Mar-01   63659.8
2017-Mar-02   63326.9
2017-Mar-03   63465.8
2017-Mar-06   63222.4
2017-Mar-07   63154.6
2017-Mar-08   63401.2
2017-Mar-09   63549.2
2017-Mar-10   63464.7
2017-Mar-13   63588.8
2017-Mar-14   63443.7
2017-Mar-15   63462.6
2017-Mar-16   63545
2017-Mar-17   63314.6
2017-Mar-20   63560.2
2017-Mar-21   62371.1
2017-Mar-22   62631.4
2017-Mar-23   62610.2
2017-Mar-24   62380.7
2017-Mar-27   62363.5
2017-Mar-28   63116.9
2017-Mar-29   64211.1
2017-Mar-30   64432.2
2017-Mar-31   64993.5
2017-Apr-03   65270.6
2017-Apr-04   66235.5
2017-Apr-05   66316.4
2017-Apr-06   65673.6
2017-Apr-07   65430.9
2017-Apr-10   66201.8
2017-Apr-11   65846.6
2017-Apr-12   65405.2
2017-Apr-13   64600.7
2017-Apr-17   65778.2
2017-Apr-18   65515.4
2017-Apr-19   65170.5
2017-Apr-20   65516.9
2017-Apr-21   65252.4
2017-Apr-24   66046.5
2017-Apr-25   66196.4
2017-Apr-26   66267
2017-Apr-27   66805.8
2017-Apr-28   67137.1
2017-May-01   68648.6
2017-May-02   68597.9
2017-May-03   68273.1
2017-May-04   68058.4
2017-May-05   67908.5
2017-May-08   68835.2
2017-May-09   69040.1
2017-May-10   68828.3
2017-May-11   68771.3
2017-May-12   69588.5
2017-May-15   69454.1
2017-May-16   69968.7
2017-May-17   68151.7
2017-May-18   69082.1
2017-May-19   69190.7
2017-May-22   69890.3
2017-May-23   70065.5
2017-May-24   70738.1
2017-May-25   71495
2017-May-26   71672.8
2017-May-30   71581.1
2017-May-31   71188.5
2017-Jun-01   71408
2017-Jun-02   72052.5
2017-Jun-05   72328.2
2017-Jun-06   71845.3
2017-Jun-07   72343.2
2017-Jun-08   72458.8
2017-Jun-09   70527
2017-Jun-12   69622.6
2017-Jun-13   70693.4
2017-Jun-14   70479.7
2017-Jun-15   69598
2017-Jun-16   70945.9
2017-Jun-19   71628.4
2017-Jun-20   71406.1
2017-Jun-21   71922.7
2017-Jun-22   71768.9
2017-Jun-23   71842.1
2017-Jun-26   71349.8
2017-Jun-27   70258.7
2017-Jun-28   71231.7
2017-Jun-29   70366.9
2017-Jun-30   69805.1
2017-Jul-03   69112.2
2017-Jul-05   70232.2
2017-Jul-06   69772.1
2017-Jul-07   70586.1
2017-Jul-10   71700
2017-Jul-11   71596.5
2017-Jul-12   72371.4
2017-Jul-13   72153.4
2017-Jul-14   72187.3
2017-Jul-17   72722.4
2017-Jul-18   73413.1
2017-Jul-19   73562.7
2017-Jul-20   73639.4
2017-Jul-21   73379.1
2017-Jul-24   74157.8
2017-Jul-25   74356
2017-Jul-26   75180.2
2017-Jul-27   74681
2017-Jul-28   73146.8
2017-Jul-31   71230.2
2017-Aug-01   71833.4
2017-Aug-02   71925.6
2017-Aug-03   71263.9
2017-Aug-04   71520.8
2017-Aug-07   71958.4
2017-Aug-08   71804.1
2017-Aug-09   71306.9
2017-Aug-10   69483.3
2017-Aug-11   70151.7
2017-Aug-14   71247.9
2017-Aug-15   71255.7
2017-Aug-16   70896.7
2017-Aug-17   69613.3
2017-Aug-18   69502.3
2017-Aug-21   69130.1
2017-Aug-22   70110.7
2017-Aug-23   69546.9
2017-Aug-24   69206.9
2017-Aug-25   68763.8
2017-Aug-28   68770.1
2017-Aug-29   69297.7
2017-Aug-30   70218.6
2017-Aug-31   71069.3
2017-Sep-01   71003.8
2017-Sep-05   69890.6
2017-Sep-06   70078.4
2017-Sep-07   70666.8
2017-Sep-08   69835.1
2017-Sep-11   70768.1
2017-Sep-12   71210.9
2017-Sep-13   72251.3
2017-Sep-14   71782.4
2017-Sep-15   71426.4
2017-Sep-18   70725
2017-Sep-19   70513
2017-Sep-20   70698.1
2017-Sep-21   70177.1
2017-Sep-22   69554.1
2017-Sep-25   68564
2017-Sep-26   68531.4
2017-Sep-27   69473.8
2017-Sep-28   69819.7
2017-Sep-29   70196.2
2017-Oct-02   70183.6
2017-Oct-03   70104.7
2017-Oct-04   70550.2
2017-Oct-05   71733
2017-Oct-06   72261.9
2017-Oct-09   72248.3
2017-Oct-10   72009.9
2017-Oct-11   72489.6
2017-Oct-12   72731.5
2017-Oct-13   72828.4
2017-Oct-16   73218.9
2017-Oct-17   73192.4
2017-Oct-18   72645.5
2017-Oct-19   71868.5
2017-Oct-20   71812.3
2017-Oct-23   70710.3
2017-Oct-24   71410.9
2017-Oct-25   71104.8
2017-Oct-26   71097
2017-Oct-27   79045.5
2017-Oct-30   79692.1
2017-Oct-31   79448.3
2017-Nov-01   79373.5
2017-Nov-02   78913.9
2017-Nov-03   79972.4
2017-Nov-06   80526.2
2017-Nov-07   80557.3
2017-Nov-08   81222.2
2017-Nov-09   80971.8
2017-Nov-10   80707
2017-Nov-13   80928.5
2017-Nov-14   81239.8
2017-Nov-15   80590.9
2017-Nov-16   81335.2
2017-Nov-17   80816.6
2017-Nov-20   80605.5
2017-Nov-21   81469.8
2017-Nov-22   82467.5
2017-Nov-24   84269.9
2017-Nov-27   84819
2017-Nov-28   84827
2017-Nov-29   82888
2017-Nov-30   84093.1
2017-Dec-01   83243.4
2017-Dec-04   81557.4
2017-Dec-05   81936.1
2017-Dec-06   82492.1
2017-Dec-07   83036.1
2017-Dec-08   83238.4
2017-Dec-11   83718.1
2017-Dec-12   83721.5
2017-Dec-13   83594.9
2017-Dec-14   84198.6
2017-Dec-15   84594.3
2017-Dec-18   85443.1
2017-Dec-19   85084.4
2017-Dec-20   84441.4
2017-Dec-21   84485.3
2017-Dec-22   84023.5
2017-Dec-26   84401.9
2017-Dec-27   84679.2
2017-Dec-28   84943
2017-Dec-29   83828.4
2018-Jan-02   85109.5
2018-Jan-03   85957.6
2018-Jan-04   86429.1
2018-Jan-05   87615.3
2018-Jan-08   88552
2018-Jan-09   88985.3
2018-Jan-10   89099.8
2018-Jan-11   90508.7
2018-Jan-12   92358.2
2018-Jan-16   92370.2
2018-Jan-17   91664.8
2018-Jan-18   91474.5
2018-Jan-19   91716.5
2018-Jan-22   93868.8
2018-Jan-23   95970.1
2018-Jan-24   95804.3
2018-Jan-25   97102.6
2018-Jan-26   98556.1
2018-Jan-29   99585
2018-Jan-30   100664
2018-Jan-31   101434
2018-Feb-01   97877.9
2018-Feb-02   99747.9
2018-Feb-05   96833.3
2018-Feb-06   100520
2018-Feb-07   98810
2018-Feb-08   94293.6
2018-Feb-09   93780.1
2018-Feb-12   96886.2
2018-Feb-13   98726
2018-Feb-14   101264
2018-Feb-15   102201
2018-Feb-16   101389
2018-Feb-20   102482
2018-Feb-21   103310
2018-Feb-22   103413
2018-Feb-23   104552
2018-Feb-26   106115
2018-Feb-27   105372
2018-Feb-28   105245
2018-Mar-01   103802
2018-Mar-02   104285
2018-Mar-05   105897
2018-Mar-06   106876
2018-Mar-07   107238
2018-Mar-08   107729
2018-Mar-09   109603
2018-Mar-12   110914
2018-Mar-13   110084
2018-Mar-14   110077
2018-Mar-15   109624
2018-Mar-16   108997
2018-Mar-19   107135
2018-Mar-20   109694
2018-Mar-21   109292
2018-Mar-22   106653
2018-Mar-23   103298
2018-Mar-26   107469
2018-Mar-27   103526
2018-Mar-28   99557.6
2018-Mar-29   100632
2018-Apr-02   95863.5
2018-Apr-03   97236.3
2018-Apr-04   98504.8
2018-Apr-05   101155
2018-Apr-06   98020.6
2018-Apr-09   98187
2018-Apr-10   100245
2018-Apr-11   99542
2018-Apr-12   101126
2018-Apr-13   99924.4
2018-Apr-16   100657
2018-Apr-17   104360
2018-Apr-18   105823
2018-Apr-19   107515
2018-Apr-20   105505
2018-Apr-23   104726
2018-Apr-24   101013
2018-Apr-25   100924
2018-Apr-26   104489
2018-Apr-27   107775
2018-Apr-30   107380
2018-May-01   108382
2018-May-02   107670
2018-May-03   107800
2018-May-04   108531
2018-May-07   109808
2018-May-08   109367
2018-May-09   110512
2018-May-10   110693
2018-May-11   110288
2018-May-14   110227
2018-May-15   108564
2018-May-16   109253
2018-May-17   108827
2018-May-18   108278
2018-May-21   109008
2018-May-22   108767
2018-May-23   110025
2018-May-24   110030
2018-May-25   110426
2018-May-29   110286
2018-May-30   111119
2018-May-31   111284
2018-Jun-01   112166
2018-Jun-04   113697
2018-Jun-05   115565
2018-Jun-06   115686
2018-Jun-07   115325
2018-Jun-08   114965
2018-Jun-11   115289
2018-Jun-12   115844
2018-Jun-13   116223
2018-Jun-14   117368
2018-Jun-15   116792
2018-Jun-18   117253
2018-Jun-19   117760
2018-Jun-20   118697
2018-Jun-21   117439
2018-Jun-22   116504
2018-Jun-25   113083
2018-Jun-26   114837
2018-Jun-27   112912
2018-Jun-28   115557
2018-Jun-29   115352
2018-Jul-02   116338
2018-Jul-03   114959
2018-Jul-05   115356
2018-Jul-06   116112
2018-Jul-09   118120
2018-Jul-10   118318
2018-Jul-11   118954
2018-Jul-12   121612
2018-Jul-13   122579
2018-Jul-16   123338
2018-Jul-17   124642
2018-Jul-18   124571
2018-Jul-19   122711
2018-Jul-20   122819
2018-Jul-23   122187
2018-Jul-24   123955
2018-Jul-25   126120
2018-Jul-26   122725
2018-Jul-27   123249
2018-Jul-30   120956
2018-Jul-31   120800
2018-Aug-01   122176
2018-Aug-02   124487
2018-Aug-03   123838
2018-Aug-06   125413
2018-Aug-07   126338
2018-Aug-08   127762
2018-Aug-09   128430
2018-Aug-10   127516
2018-Aug-13   128044
2018-Aug-14   129590
2018-Aug-15   127319
2018-Aug-16   127752
2018-Aug-17   127587
2018-Aug-20   127298
2018-Aug-21   127802
2018-Aug-22   129135
2018-Aug-23   128917
2018-Aug-24   129039
2018-Aug-27   130703
2018-Aug-28   131043
2018-Aug-29   135085
2018-Aug-30   135308
2018-Aug-31   135933
2018-Sep-04   137578
2018-Sep-05   134818
2018-Sep-06   132405
2018-Sep-07   131964
2018-Sep-10   131041
2018-Sep-11   134026
2018-Sep-12   134085
2018-Sep-13   134185
2018-Sep-14   132968
2018-Sep-17   129017
2018-Sep-18   131076
2018-Sep-19   130434
2018-Sep-20   131628
2018-Sep-21   129720
2018-Sep-24   130876
2018-Sep-25   133338
2018-Sep-26   133189
2018-Sep-27   135569
2018-Sep-28   134847
2018-Oct-01   134998
2018-Oct-02   133046
2018-Oct-03   132032
2018-Oct-04   129300
2018-Oct-05   127960
2018-Oct-08   126400
2018-Oct-09   126731
2018-Oct-10   119217
2018-Oct-11   116912
2018-Oct-12   121329
2018-Oct-15   119589
2018-Oct-16   123507
2018-Oct-17   124430
2018-Oct-18   120484
2018-Oct-19   120210
2018-Oct-22   121577
2018-Oct-23   120251
2018-Oct-24   113391
2018-Oct-25   120855
2018-Oct-26   112223
2018-Oct-29   105877
2018-Oct-30   105547
2018-Oct-31   109993
2018-Nov-01   114235
2018-Nov-02   114043
2018-Nov-05   111606
2018-Nov-06   112541
2018-Nov-07   119654
2018-Nov-08   119612
2018-Nov-09   116619
2018-Nov-12   111229
2018-Nov-13   110816
2018-Nov-14   108649
2018-Nov-15   110038
2018-Nov-16   108439
2018-Nov-19   103205
2018-Nov-20   101752
2018-Nov-21   103091
2018-Nov-23   101980
2018-Nov-26   107057
2018-Nov-27   107029
2018-Nov-28   113214
2018-Nov-29   112834
2018-Nov-30   113685
2018-Dec-03   118857
2018-Dec-04   112080
2018-Dec-06   113893
2018-Dec-07   109331
2018-Dec-10   110039
2018-Dec-11   110078
2018-Dec-12   111320
2018-Dec-13   111013
2018-Dec-14   106737
2018-Dec-17   102207
2018-Dec-18   104230
2018-Dec-19   100601
2018-Dec-20   98398.5
2018-Dec-21   92889.7
2018-Dec-24   90634.8
2018-Dec-26   98824.8
2018-Dec-27   98327.3
2018-Dec-28   99247.4
2018-Dec-31   100877
2019-Jan-02   103330
2019-Jan-03   100556
2019-Jan-04   105469
2019-Jan-07   108801
2019-Jan-08   110485
2019-Jan-09   110754
2019-Jan-10   110553
2019-Jan-11   109602
2019-Jan-14   108214
2019-Jan-15   111834
2019-Jan-16   113024
2019-Jan-17   113689
2019-Jan-18   114013
2019-Jan-22   109861
2019-Jan-23   110328
2019-Jan-24   111250
2019-Jan-25   112415
2019-Jan-28   110356
2019-Jan-29   107661
2019-Jan-30   112615
2019-Jan-31   115434
2019-Feb-01   109740
2019-Feb-04   110309
2019-Feb-05   111930
2019-Feb-06   110752
2019-Feb-07   108977
2019-Feb-08   107332
2019-Feb-11   107467
2019-Feb-12   110480
2019-Feb-13   110597
2019-Feb-14   109472
2019-Feb-15   108788
2019-Feb-19   110003
2019-Feb-20   109690
2019-Feb-21   109429
2019-Feb-22   110192
2019-Feb-25   110399
2019-Feb-26   110614
2019-Feb-27   110912
2019-Feb-28   110750
2019-Mar-01   112788
2019-Mar-04   114214
2019-Mar-05   113973
2019-Mar-06   112473
2019-Mar-07   109738
2019-Mar-08   109517
2019-Mar-11   112702
2019-Mar-12   112920
2019-Mar-13   114044
2019-Mar-14   113816
2019-Mar-15   115494
2019-Mar-18   117499
2019-Mar-19   118623
2019-Mar-20   120571
2019-Mar-21   122055
2019-Mar-22   118434
2019-Mar-25   118946
2019-Mar-26   119570
2019-Mar-27   118474
2019-Mar-28   119000
2019-Mar-29   119501
2019-Apr-01   121748
2019-Apr-02   121817
2019-Apr-03   122374
2019-Apr-04   122322
2019-Apr-05   123474
2019-Apr-08   124313
2019-Apr-09   123372
2019-Apr-10   124179
2019-Apr-11   123946
2019-Apr-12   124067
2019-Apr-15   123913
2019-Apr-16   125104
2019-Apr-17   125506
2019-Apr-18   125256
2019-Apr-22   126782
2019-Apr-23   129050
2019-Apr-24   127574
2019-Apr-25   127595
2019-Apr-26   130593
2019-Apr-29   130000
2019-Apr-30   129159
2019-May-01   128391
2019-May-02   127723
2019-May-03   131628
2019-May-06   130797
2019-May-07   128734
2019-May-08   128481
2019-May-09   127364
2019-May-10   126723
2019-May-13   122117
2019-May-14   123292
2019-May-15   125230
2019-May-16   127539
2019-May-17   125098
2019-May-20   124362
2019-May-21   124416
2019-May-22   124337
2019-May-23   121450
2019-May-24   121952
2019-May-28   122612
2019-May-29   121524
2019-May-30   121343
2019-May-31   118582
2019-Jun-03   113550
2019-Jun-04   116184
2019-Jun-05   116736
2019-Jun-06   117810
2019-Jun-07   120930
2019-Jun-10   124592
2019-Jun-11   124851
2019-Jun-12   124163
2019-Jun-13   125121
2019-Jun-14   125065
2019-Jun-17   126050
2019-Jun-18   127231
2019-Jun-19   127691
2019-Jun-20   128303
2019-Jun-21   127876
2019-Jun-24   128079
2019-Jun-25   125789
2019-Jun-26   127105
2019-Jun-27   127585
2019-Jun-28   127097
2019-Jul-01   128995
2019-Jul-02   129725
2019-Jul-03   130050
2019-Jul-05   130354
2019-Jul-08   130768
2019-Jul-09   133060
2019-Jul-10   134809
2019-Jul-11   133973
2019-Jul-12   134700
2019-Jul-15   135266
2019-Jul-16   134707
2019-Jul-17   133513
2019-Jul-18   132748
2019-Jul-19   131828
2019-Jul-22   133226
2019-Jul-23   133993
2019-Jul-24   134474
2019-Jul-25   132709
2019-Jul-26   130927
2019-Jul-29   129033
2019-Jul-30   128202
2019-Jul-31   126302
2019-Aug-01   125193
2019-Aug-02   123070
2019-Aug-05   119028
2019-Aug-06   120644
2019-Aug-07   121005
2019-Aug-08   123558
2019-Aug-09   121972
2019-Aug-12   120378
2019-Aug-13   123046
2019-Aug-14   118853
2019-Aug-15   119656
2019-Aug-16   120885
2019-Aug-19   122501
2019-Aug-20   121518
2019-Aug-21   122938
2019-Aug-22   121848
2019-Aug-23   118064
2019-Aug-26   119440
2019-Aug-27   118900
2019-Aug-28   119163
2019-Aug-29   120745
2019-Aug-30   120143
2019-Sep-03   120730
2019-Sep-04   121560
2019-Sep-05   124290
2019-Sep-06   123852
2019-Sep-09   123928
2019-Sep-10   123448
2019-Sep-11   123773
2019-Sep-12   125088
2019-Sep-13   124795
2019-Sep-16   122798
2019-Sep-17   123663
2019-Sep-18   123439
2019-Sep-19   123582
2019-Sep-20   121796
2019-Sep-23   121267
2019-Sep-24   118369
2019-Sep-25   120158
2019-Sep-26   118332
2019-Sep-27   117462
2019-Sep-30   118139
2019-Oct-01   117970
2019-Oct-02   116319
2019-Oct-03   117008
2019-Oct-04   118196
2019-Oct-07   117757
2019-Oct-08   115927
2019-Oct-09   116976
2019-Oct-10   117046
2019-Oct-11   118059
2019-Oct-14   118368
2019-Oct-15   120276
2019-Oct-16   120889
2019-Oct-17   121488
2019-Oct-18   119686
2019-Oct-21   121597
2019-Oct-22   120384
2019-Oct-23   120294
2019-Oct-24   121426
2019-Oct-25   120417
2019-Oct-28   121552
2019-Oct-29   120553
2019-Oct-30   121542
2019-Oct-31   121354
2019-Nov-01   122558
2019-Nov-04   123495
2019-Nov-05   123262
2019-Nov-06   122891
2019-Nov-07   122669
2019-Nov-08   122531
2019-Nov-11   121566
2019-Nov-12   121991
2019-Nov-13   120475
2019-Nov-14   120532
2019-Nov-15   119706
2019-Nov-18   120510
2019-Nov-19   120524
2019-Nov-20   119938
2019-Nov-21   119265
2019-Nov-22   120012
2019-Nov-25   121912
2019-Nov-26   123267
2019-Nov-27   124673
2019-Nov-29   123564
2019-Dec-02   122196
2019-Dec-03   121194
2019-Dec-04   120811
2019-Dec-05   119701
2019-Dec-06   120751
2019-Dec-09   120446
2019-Dec-10   119856
2019-Dec-11   120455
2019-Dec-12   121360
2019-Dec-13   121428
2019-Dec-16   122138
2019-Dec-17   123572
2019-Dec-18   123132
2019-Dec-19   123626
2019-Dec-20   123229
2019-Dec-23   123724
2019-Dec-24   123526
2019-Dec-26   128547
2019-Dec-27   128587
2019-Dec-30   127193
2019-Dec-31   127301
2020-Jan-02   130660
2020-Jan-03   129087
2020-Jan-06   130917
2020-Jan-07   131179
2020-Jan-08   130451
2020-Jan-09   131308
2020-Jan-10   130206
2020-Jan-13   130955
2020-Jan-14   129563
2020-Jan-15   129062
2020-Jan-16   130266
2020-Jan-17   129521
2020-Jan-21   131001
2020-Jan-22   130795
2020-Jan-23   130596
2020-Jan-24   129038
2020-Jan-27   126673
2020-Jan-28   128527
2020-Jan-29   128857
2020-Jan-30   129769
2020-Jan-31   137658
2020-Feb-03   137416
2020-Feb-04   140508
2020-Feb-05   140063
2020-Feb-06   140685
2020-Feb-07   142233
2020-Feb-10   145572
2020-Feb-11   146537
2020-Feb-12   147329
2020-Feb-13   146651
2020-Feb-14   145691
2020-Feb-18   146696
2020-Feb-19   147823
2020-Feb-20   146554
2020-Feb-21   142834
2020-Feb-24   137002
2020-Feb-25   134302
2020-Feb-26   134736
2020-Feb-27   128156
2020-Feb-28   127982
2020-Mar-02   133115
2020-Mar-03   129948
2020-Mar-04   134501
2020-Mar-05   130761
2020-Mar-06   129056
2020-Mar-09   121678
2020-Mar-10   128068
2020-Mar-11   123061
2020-Mar-12   112908
2020-Mar-13   121111
2020-Mar-16   113672
2020-Mar-17   121257
2020-Mar-18   121798
2020-Mar-19   125226
2020-Mar-20   122388
2020-Mar-23   125607
2020-Mar-24   129032
2020-Mar-25   125760
2020-Mar-26   130677
2020-Mar-27   126803
2020-Mar-30   130886
2020-Mar-31   129814
2020-Apr-01   126625
2020-Apr-02   127553
2020-Apr-03   126615
2020-Apr-06   133016
2020-Apr-07   134084
2020-Apr-08   136542
2020-Apr-09   136850
2020-Apr-13   144463
2020-Apr-14   151677
2020-Apr-15   153097
2020-Apr-16   159201
2020-Apr-17   157368
2020-Apr-20   158265
2020-Apr-21   153846
2020-Apr-22   156240
2020-Apr-23   158382
2020-Apr-24   159271
2020-Apr-27   157448
2020-Apr-28   153707
2020-Apr-29   157599
2020-Apr-30   163652
2020-May-01   151848
